<?xml version="1.0" encoding="UTF-8"?>
<!-- Generated by org.testng.reporters.JUnitReportReporter -->
<testsuite skipped="0" hostname="priya.bajwa" name="org.pages.tatoc.CookieHandling" tests="3" failures="0" timestamp="07 Mar 2019 12:27:22 GMT" time="0.337" errors="0">
  <testcase name="cookieDirectProceed" time="0.098" classname="org.pages.tatoc.CookieHandling"/>
  <testcase name="cookieGenerateTokenAndProceed" time="0.105" classname="org.pages.tatoc.CookieHandling"/>
  <testcase name="cookieSetProperly" time="0.134" classname="org.pages.tatoc.CookieHandling"/>
</testsuite> <!-- org.pages.tatoc.CookieHandling -->
