<?xml version="1.0" encoding="UTF-8"?>
<!-- Generated by org.testng.reporters.JUnitReportReporter -->
<testsuite skipped="0" hostname="priya.bajwa" name="org.pages.tatoc.PopupWindows" tests="4" failures="0" timestamp="07 Mar 2019 12:27:22 GMT" time="0.613" errors="0">
  <testcase name="launchPopupWindow" time="0.088" classname="org.pages.tatoc.PopupWindows"/>
  <testcase name="popUpWindowWithValue" time="0.209" classname="org.pages.tatoc.PopupWindows"/>
  <testcase name="directlyProceed" time="0.105" classname="org.pages.tatoc.PopupWindows"/>
  <testcase name="launchPopupWithoutValue" time="0.211" classname="org.pages.tatoc.PopupWindows"/>
</testsuite> <!-- org.pages.tatoc.PopupWindows -->
