<?xml version="1.0" encoding="UTF-8"?>
<!-- Generated by org.testng.reporters.JUnitReportReporter -->
<testsuite skipped="0" hostname="priya.bajwa" name="org.pages.tatoc.DragAndDrop" tests="2" failures="0" timestamp="07 Mar 2019 12:27:22 GMT" time="2.066" errors="0">
  <testcase name="dragBoxProceedsToErrorPage" time="0.438" classname="org.pages.tatoc.DragAndDrop"/>
  <testcase name="dragBoxOpensNextPage" time="1.628" classname="org.pages.tatoc.DragAndDrop"/>
</testsuite> <!-- org.pages.tatoc.DragAndDrop -->
