<?xml version="1.0" encoding="UTF-8"?>
<!-- Generated by org.testng.reporters.JUnitReportReporter -->
<testsuite skipped="0" hostname="priya.bajwa" name="org.pages.tatoc.FrameDungeon" tests="3" failures="0" timestamp="07 Mar 2019 12:27:22 GMT" time="0.594" errors="0">
  <testcase name="boxColourCheck" time="0.253" classname="org.pages.tatoc.FrameDungeon"/>
  <testcase name="proceedAfterRepaint" time="0.175" classname="org.pages.tatoc.FrameDungeon"/>
  <testcase name="clickRepaintBox2" time="0.166" classname="org.pages.tatoc.FrameDungeon"/>
</testsuite> <!-- org.pages.tatoc.FrameDungeon -->
