<?xml version="1.0" encoding="UTF-8"?>
<!-- Generated by org.testng.reporters.JUnitReportReporter -->
<testsuite skipped="0" hostname="priya.bajwa" name="org.pages.tatoc.GridGate" tests="2" failures="0" timestamp="07 Mar 2019 12:27:22 GMT" time="0.216" errors="0">
  <testcase name="proceedToErrorPage" time="0.083" classname="org.pages.tatoc.GridGate"/>
  <testcase name="opensNextPage" time="0.133" classname="org.pages.tatoc.GridGate"/>
</testsuite> <!-- org.pages.tatoc.GridGate -->
